[debug] [2020-10-06T20:50:42.687Z] ----------------------------------------------------------------------
[debug] [2020-10-06T20:50:42.689Z] Command:       /usr/local/bin/node /usr/local/bin/firebase deploy
[debug] [2020-10-06T20:50:42.689Z] CLI Version:   8.10.0
[debug] [2020-10-06T20:50:42.689Z] Platform:      darwin
[debug] [2020-10-06T20:50:42.690Z] Node Version:  v14.8.0
[debug] [2020-10-06T20:50:42.692Z] Time:          Tue Oct 06 2020 15:50:42 GMT-0500 (hora de verano central)
[debug] [2020-10-06T20:50:42.692Z] ----------------------------------------------------------------------
[debug] [2020-10-06T20:50:42.692Z] 
[debug] [2020-10-06T20:50:42.702Z] > command requires scopes: ["email","openid","https://www.googleapis.com/auth/cloudplatformprojects.readonly","https://www.googleapis.com/auth/firebase","https://www.googleapis.com/auth/cloud-platform"]
[debug] [2020-10-06T20:50:42.702Z] > authorizing via signed-in user
[debug] [2020-10-06T20:50:42.702Z] [iam] checking project enes-congreso for permissions ["firebase.projects.get","firebasedatabase.instances.update","firebasehosting.sites.update"]
[debug] [2020-10-06T20:50:42.705Z] > refreshing access token with scopes: ["email","https://www.googleapis.com/auth/cloud-platform","https://www.googleapis.com/auth/cloudplatformprojects.readonly","https://www.googleapis.com/auth/firebase","openid"]
[debug] [2020-10-06T20:50:42.705Z] >>> HTTP REQUEST POST https://www.googleapis.com/oauth2/v3/token  
 <request body omitted>
[debug] [2020-10-06T20:50:42.911Z] <<< HTTP RESPONSE 200 {"content-type":"application/json; charset=utf-8","vary":"X-Origin, Referer, Origin,Accept-Encoding","date":"Tue, 06 Oct 2020 20:50:43 GMT","server":"scaffolding on HTTPServer2","cache-control":"private","x-xss-protection":"0","x-frame-options":"SAMEORIGIN","x-content-type-options":"nosniff","alt-svc":"h3-Q050=\":443\"; ma=2592000,h3-29=\":443\"; ma=2592000,h3-27=\":443\"; ma=2592000,h3-T051=\":443\"; ma=2592000,h3-T050=\":443\"; ma=2592000,h3-Q046=\":443\"; ma=2592000,h3-Q043=\":443\"; ma=2592000,quic=\":443\"; ma=2592000; v=\"46,43\"","accept-ranges":"none","transfer-encoding":"chunked"}
[debug] [2020-10-06T20:50:42.927Z] >>> HTTP REQUEST POST https://cloudresourcemanager.googleapis.com/v1/projects/enes-congreso:testIamPermissions  
 {"permissions":["firebase.projects.get","firebasedatabase.instances.update","firebasehosting.sites.update"]}
[debug] [2020-10-06T20:50:43.380Z] <<< HTTP RESPONSE 200 {"content-type":"application/json; charset=UTF-8","vary":"X-Origin, Referer, Origin,Accept-Encoding","date":"Tue, 06 Oct 2020 20:50:43 GMT","server":"ESF","cache-control":"private","x-xss-protection":"0","x-frame-options":"SAMEORIGIN","x-content-type-options":"nosniff","server-timing":"gfet4t7; dur=239","alt-svc":"h3-Q050=\":443\"; ma=2592000,h3-29=\":443\"; ma=2592000,h3-27=\":443\"; ma=2592000,h3-T051=\":443\"; ma=2592000,h3-T050=\":443\"; ma=2592000,h3-Q046=\":443\"; ma=2592000,h3-Q043=\":443\"; ma=2592000,quic=\":443\"; ma=2592000; v=\"46,43\"","accept-ranges":"none","transfer-encoding":"chunked"}
[debug] [2020-10-06T20:50:43.382Z] >>> HTTP REQUEST GET https://firebase.googleapis.com/v1beta1/projects/enes-congreso  
 
[debug] [2020-10-06T20:50:43.789Z] <<< HTTP RESPONSE 200 {"content-type":"application/json; charset=UTF-8","vary":"X-Origin, Referer, Origin,Accept-Encoding","date":"Tue, 06 Oct 2020 20:50:44 GMT","server":"ESF","cache-control":"private","x-xss-protection":"0","x-frame-options":"SAMEORIGIN","x-content-type-options":"nosniff","alt-svc":"h3-Q050=\":443\"; ma=2592000,h3-29=\":443\"; ma=2592000,h3-27=\":443\"; ma=2592000,h3-T051=\":443\"; ma=2592000,h3-T050=\":443\"; ma=2592000,h3-Q046=\":443\"; ma=2592000,h3-Q043=\":443\"; ma=2592000,quic=\":443\"; ma=2592000; v=\"46,43\"","accept-ranges":"none","transfer-encoding":"chunked"}
[info] 
[info] === Deploying to 'enes-congreso'...
[info] 
[info] i  deploying database, hosting 
[info] i  database: checking rules syntax... 
[debug] [2020-10-06T20:50:43.794Z] >>> HTTP REQUEST PUT https://enes-congreso.firebaseio.com/.settings/rules.json?dryRun=true  
 {
  /* Visit https://firebase.google.com/docs/database/security to learn more about security rules. */
  "rules": {
    ".read": false,
    ".write": false
  }
}
[debug] [2020-10-06T20:50:44.087Z] <<< HTTP RESPONSE 200 {"server":"nginx","date":"Tue, 06 Oct 2020 20:50:44 GMT","content-type":"application/json; charset=utf-8","content-length":"15","connection":"keep-alive","access-control-allow-origin":"*","cache-control":"no-cache","strict-transport-security":"max-age=31556926; includeSubDomains; preload"}
[info] ✔  database: rules syntax for database enes-congreso is valid 
[debug] [2020-10-06T20:50:44.090Z] >>> HTTP REQUEST POST https://firebasehosting.googleapis.com/v1beta1/sites/enes-congreso/versions  
 {"config":{"rewrites":[{"glob":"**","path":"/index.html"}]},"labels":{"deployment-tool":"cli-firebase"}}
[debug] [2020-10-06T20:50:44.814Z] <<< HTTP RESPONSE 200 {"content-type":"application/json; charset=UTF-8","vary":"X-Origin, Referer, Origin,Accept-Encoding","date":"Tue, 06 Oct 2020 20:50:45 GMT","server":"ESF","cache-control":"private","x-xss-protection":"0","x-frame-options":"SAMEORIGIN","x-content-type-options":"nosniff","alt-svc":"h3-Q050=\":443\"; ma=2592000,h3-29=\":443\"; ma=2592000,h3-27=\":443\"; ma=2592000,h3-T051=\":443\"; ma=2592000,h3-T050=\":443\"; ma=2592000,h3-Q046=\":443\"; ma=2592000,h3-Q043=\":443\"; ma=2592000,quic=\":443\"; ma=2592000; v=\"46,43\"","accept-ranges":"none","transfer-encoding":"chunked"}
[info] i  hosting[enes-congreso]: beginning deploy... 
[info] i  hosting[enes-congreso]: found 398 files in dist/argon-design-system-angular 
[debug] [2020-10-06T20:50:49.813Z] [hosting] hash cache [ZGlzdC9hcmdvbi1kZXNpZ24tc3lzdGVtLWFuZ3VsYXI] stored for 398 files
[debug] [2020-10-06T20:50:49.814Z] [hosting][hash queue][FINAL] {"max":3519,"min":13,"avg":190.02261306532642,"active":0,"complete":398,"success":398,"errored":0,"retried":0,"total":398,"elapsed":4943}
[debug] [2020-10-06T20:50:49.814Z] >>> HTTP REQUEST POST https://firebasehosting.googleapis.com/v1beta1/sites/enes-congreso/versions/d631ecdc658194dc:populateFiles  
 <request body omitted>
[debug] [2020-10-06T20:50:50.650Z] <<< HTTP RESPONSE 200 {"content-type":"application/json; charset=UTF-8","vary":"X-Origin, Referer, Origin,Accept-Encoding","date":"Tue, 06 Oct 2020 20:50:50 GMT","server":"ESF","cache-control":"private","x-xss-protection":"0","x-frame-options":"SAMEORIGIN","x-content-type-options":"nosniff","alt-svc":"h3-Q050=\":443\"; ma=2592000,h3-29=\":443\"; ma=2592000,h3-27=\":443\"; ma=2592000,h3-T051=\":443\"; ma=2592000,h3-T050=\":443\"; ma=2592000,h3-Q046=\":443\"; ma=2592000,h3-Q043=\":443\"; ma=2592000,quic=\":443\"; ma=2592000; v=\"46,43\"","accept-ranges":"none","transfer-encoding":"chunked"}
[debug] [2020-10-06T20:50:50.655Z] [hosting][populate queue][FINAL] {"max":841,"min":841,"avg":841,"active":0,"complete":1,"success":1,"errored":0,"retried":0,"total":1,"elapsed":844}
[debug] [2020-10-06T20:50:50.655Z] [hosting] uploads queued: 8
[debug] [2020-10-06T20:50:55.019Z] [hosting][upload queue][FINAL] {"max":4368,"min":1010,"avg":3522.875,"active":0,"complete":8,"success":8,"errored":0,"retried":0,"total":8,"elapsed":4368}
[info] ✔  hosting[enes-congreso]: file upload complete 
[debug] [2020-10-06T20:50:55.020Z] [hosting] deploy completed after 10205ms
[info] i  database: releasing rules... 
[debug] [2020-10-06T20:50:55.152Z] >>> HTTP REQUEST PUT https://enes-congreso.firebaseio.com/.settings/rules.json  
 {
  /* Visit https://firebase.google.com/docs/database/security to learn more about security rules. */
  "rules": {
    ".read": false,
    ".write": false
  }
}
[debug] [2020-10-06T20:50:55.768Z] <<< HTTP RESPONSE 200 {"server":"nginx","date":"Tue, 06 Oct 2020 20:50:56 GMT","content-type":"application/json; charset=utf-8","content-length":"15","connection":"keep-alive","access-control-allow-origin":"*","cache-control":"no-cache","strict-transport-security":"max-age=31556926; includeSubDomains; preload"}
[info] ✔  database: rules for database enes-congreso released successfully 
[debug] [2020-10-06T20:50:55.769Z] [
  {
    "config": {
      "public": "dist/argon-design-system-angular",
      "ignore": [
        "firebase.json",
        "**/.*",
        "**/node_modules/**"
      ],
      "rewrites": [
        {
          "source": "**",
          "destination": "/index.html"
        }
      ],
      "site": "enes-congreso"
    },
    "site": "enes-congreso",
    "version": "sites/enes-congreso/versions/d631ecdc658194dc"
  }
]
[info] i  hosting[enes-congreso]: finalizing version... 
[debug] [2020-10-06T20:50:55.770Z] >>> HTTP REQUEST PATCH https://firebasehosting.googleapis.com/v1beta1/sites/enes-congreso/versions/d631ecdc658194dc?updateMask=status  
 {"status":"FINALIZED"}
[debug] [2020-10-06T20:50:56.178Z] <<< HTTP RESPONSE 200 {"content-type":"application/json; charset=UTF-8","vary":"X-Origin, Referer, Origin,Accept-Encoding","date":"Tue, 06 Oct 2020 20:50:56 GMT","server":"ESF","cache-control":"private","x-xss-protection":"0","x-frame-options":"SAMEORIGIN","x-content-type-options":"nosniff","alt-svc":"h3-Q050=\":443\"; ma=2592000,h3-29=\":443\"; ma=2592000,h3-27=\":443\"; ma=2592000,h3-T051=\":443\"; ma=2592000,h3-T050=\":443\"; ma=2592000,h3-Q046=\":443\"; ma=2592000,h3-Q043=\":443\"; ma=2592000,quic=\":443\"; ma=2592000; v=\"46,43\"","accept-ranges":"none","transfer-encoding":"chunked"}
[debug] [2020-10-06T20:50:56.178Z] [hosting] finalized version for enes-congreso: {"name":"sites/enes-congreso/versions/d631ecdc658194dc","status":"FINALIZED","config":{"rewrites":[{"glob":"**","path":"/index.html"}]},"labels":{"deployment-tool":"cli-firebase"},"createTime":"2020-10-06T20:50:44.818049Z","createUser":{"email":"terebon.desarrollo@gmail.com"},"finalizeTime":"2020-10-06T20:50:56.456120Z","finalizeUser":{"email":"terebon.desarrollo@gmail.com"}}
[info] ✔  hosting[enes-congreso]: version finalized 
[info] i  hosting[enes-congreso]: releasing new version... 
[debug] [2020-10-06T20:50:56.179Z] >>> HTTP REQUEST POST https://firebasehosting.googleapis.com/v1beta1/sites/enes-congreso/releases?version_name=sites/enes-congreso/versions/d631ecdc658194dc  
 {"message":null}
